<?xml version="1.0" encoding="UTF-8"?>
<!-- Generated by org.testng.reporters.JUnitReportReporter -->
<testsuite hostname="DESKTOP-ALIQTTH" failures="0" tests="1" name="hr.ogcs.qa.testcases.EaglesDevelopmentTest" time="22.187" errors="0" timestamp="02 Aug 2019 11:54:16 GMT" skipped="0">
  <testcase classname="hr.ogcs.qa.testcases.EaglesDevelopmentTest" name="VaultGeneralInformations" time="22.187"/>
</testsuite> <!-- hr.ogcs.qa.testcases.EaglesDevelopmentTest -->
