<?xml version="1.0" encoding="UTF-8"?>
<!-- Generated by org.testng.reporters.JUnitReportReporter -->
<testsuite hostname="DESKTOP-569RHDF" failures="0" tests="1" name="hr.ogcs.qa.testcases.EAG_TSF_C015" time="171.043" errors="0" timestamp="06 Aug 2019 12:33:42 GMT" skipped="0">
  <testcase classname="hr.ogcs.qa.testcases.EAG_TSF_C015" name="VaultGeneralInformations" time="171.043"/>
</testsuite> <!-- hr.ogcs.qa.testcases.EAG_TSF_C015 -->
