<?xml version="1.0" encoding="UTF-8"?>
<!-- Generated by org.testng.reporters.JUnitReportReporter -->
<testsuite hostname="DESKTOP-ALIQTTH" failures="0" tests="1" name="hr.ogcs.qa.testcases.EAG_TSF_D007" time="33.389" errors="0" timestamp="02 Aug 2019 12:48:34 GMT" skipped="0">
  <testcase classname="hr.ogcs.qa.testcases.EAG_TSF_D007" name="VaultGeneralInformations" time="33.389"/>
</testsuite> <!-- hr.ogcs.qa.testcases.EAG_TSF_D007 -->
